<?xml version="1.0" encoding="UTF-8"?>
<testsuite xmlns:xsi="http://www.w3.org/2001/XMLSchema-instance" xsi:noNamespaceSchemaLocation="https://maven.apache.org/surefire/maven-surefire-plugin/xsd/surefire-test-report-3.0.xsd" version="3.0" name="udistrital.avanzada.parcial.control.ControlMascotaTest" time="0.125" tests="10" errors="0" skipped="0" failures="0">
  <properties>
    <property name="java.specification.version" value="24"/>
    <property name="sun.cpu.isalist" value="amd64"/>
    <property name="sun.jnu.encoding" value="Cp1252"/>
    <property name="java.class.path" value="C:\Users\paisa\OneDrive\Documents\NetBeansProjects\FaunaFreaksTest\target\test-classes;C:\Users\paisa\OneDrive\Documents\NetBeansProjects\FaunaFreaksTest\target\classes;C:\Users\paisa\.m2\repository\org\junit\jupiter\junit-jupiter\5.10.2\junit-jupiter-5.10.2.jar;C:\Users\paisa\.m2\repository\org\junit\jupiter\junit-jupiter-api\5.10.3\junit-jupiter-api-5.10.3.jar;C:\Users\paisa\.m2\repository\org\opentest4j\opentest4j\1.3.0\opentest4j-1.3.0.jar;C:\Users\paisa\.m2\repository\org\junit\platform\junit-platform-commons\1.10.3\junit-platform-commons-1.10.3.jar;C:\Users\paisa\.m2\repository\org\apiguardian\apiguardian-api\1.1.2\apiguardian-api-1.1.2.jar;C:\Users\paisa\.m2\repository\org\junit\jupiter\junit-jupiter-params\5.10.3\junit-jupiter-params-5.10.3.jar;C:\Users\paisa\.m2\repository\org\junit\jupiter\junit-jupiter-engine\5.10.3\junit-jupiter-engine-5.10.3.jar;C:\Users\paisa\.m2\repository\org\junit\platform\junit-platform-engine\1.10.3\junit-platform-engine-1.10.3.jar;"/>
    <property name="java.vm.vendor" value="Oracle Corporation"/>
    <property name="sun.arch.data.model" value="64"/>
    <property name="user.variant" value=""/>
    <property name="java.vendor.url" value="https://java.oracle.com/"/>
    <property name="user.timezone" value="America/Bogota"/>
    <property name="os.name" value="Windows 11"/>
    <property name="java.vm.specification.version" value="24"/>
    <property name="user.country" value="US"/>
    <property name="sun.java.launcher" value="SUN_STANDARD"/>
    <property name="sun.boot.library.path" value="C:\Program Files\Java\jdk-24\bin"/>
    <property name="sun.java.command" value="C:\Users\paisa\AppData\Local\Temp\surefire13731243413792035374\surefirebooter-20251015063232065_3.jar C:\Users\paisa\AppData\Local\Temp\surefire13731243413792035374 2025-10-15T06-32-31_888-jvmRun1 surefire-20251015063232065_1tmp surefire_0-20251015063232065_2tmp"/>
    <property name="jdk.debug" value="release"/>
    <property name="test" value="udistrital.avanzada.parcial.control.ControlMascotaTest"/>
    <property name="surefire.test.class.path" value="C:\Users\paisa\OneDrive\Documents\NetBeansProjects\FaunaFreaksTest\target\test-classes;C:\Users\paisa\OneDrive\Documents\NetBeansProjects\FaunaFreaksTest\target\classes;C:\Users\paisa\.m2\repository\org\junit\jupiter\junit-jupiter\5.10.2\junit-jupiter-5.10.2.jar;C:\Users\paisa\.m2\repository\org\junit\jupiter\junit-jupiter-api\5.10.3\junit-jupiter-api-5.10.3.jar;C:\Users\paisa\.m2\repository\org\opentest4j\opentest4j\1.3.0\opentest4j-1.3.0.jar;C:\Users\paisa\.m2\repository\org\junit\platform\junit-platform-commons\1.10.3\junit-platform-commons-1.10.3.jar;C:\Users\paisa\.m2\repository\org\apiguardian\apiguardian-api\1.1.2\apiguardian-api-1.1.2.jar;C:\Users\paisa\.m2\repository\org\junit\jupiter\junit-jupiter-params\5.10.3\junit-jupiter-params-5.10.3.jar;C:\Users\paisa\.m2\repository\org\junit\jupiter\junit-jupiter-engine\5.10.3\junit-jupiter-engine-5.10.3.jar;C:\Users\paisa\.m2\repository\org\junit\platform\junit-platform-engine\1.10.3\junit-platform-engine-1.10.3.jar;"/>
    <property name="sun.cpu.endian" value="little"/>
    <property name="user.home" value="C:\Users\paisa"/>
    <property name="user.language" value="en"/>
    <property name="java.specification.vendor" value="Oracle Corporation"/>
    <property name="java.version.date" value="2025-04-15"/>
    <property name="java.home" value="C:\Program Files\Java\jdk-24"/>
    <property name="file.separator" value="\"/>
    <property name="basedir" value="C:\Users\paisa\OneDrive\Documents\NetBeansProjects\FaunaFreaksTest"/>
    <property name="java.vm.compressedOopsMode" value="Zero based"/>
    <property name="line.separator" value="&#10;"/>
    <property name="java.vm.specification.vendor" value="Oracle Corporation"/>
    <property name="java.specification.name" value="Java Platform API Specification"/>
    <property name="surefire.real.class.path" value="C:\Users\paisa\AppData\Local\Temp\surefire13731243413792035374\surefirebooter-20251015063232065_3.jar"/>
    <property name="user.script" value=""/>
    <property name="sun.management.compiler" value="HotSpot 64-Bit Tiered Compilers"/>
    <property name="java.runtime.version" value="24.0.1+9-30"/>
    <property name="user.name" value="paisa"/>
    <property name="stdout.encoding" value="Cp1252"/>
    <property name="path.separator" value=";"/>
    <property name="os.version" value="10.0"/>
    <property name="java.runtime.name" value="Java(TM) SE Runtime Environment"/>
    <property name="file.encoding" value="UTF-8"/>
    <property name="java.vm.name" value="Java HotSpot(TM) 64-Bit Server VM"/>
    <property name="maven.ext.class.path" value="C:\Program Files\NetBeans-25\netbeans\java\maven-nblib\netbeans-eventspy.jar"/>
    <property name="localRepository" value="C:\Users\paisa\.m2\repository"/>
    <property name="java.vendor.url.bug" value="https://bugreport.java.com/bugreport/"/>
    <property name="java.io.tmpdir" value="C:\Users\paisa\AppData\Local\Temp\"/>
    <property name="java.version" value="24.0.1"/>
    <property name="user.dir" value="C:\Users\paisa\OneDrive\Documents\NetBeansProjects\FaunaFreaksTest"/>
    <property name="os.arch" value="amd64"/>
    <property name="java.vm.specification.name" value="Java Virtual Machine Specification"/>
    <property name="sun.os.patch.level" value=""/>
    <property name="native.encoding" value="Cp1252"/>
    <property name="java.library.path" value="C:\Program Files\Java\jdk-24\bin;C:\Windows\Sun\Java\bin;C:\Windows\system32;C:\Windows;C:\Program Files\Common Files\Oracle\Java\javapath;C:\Program Files (x86)\Common Files\Oracle\Java\java8path;C:\Program Files (x86)\Common Files\Oracle\Java\javapath;C:\Windows\system32;C:\Windows;C:\Windows\System32\Wbem;C:\Windows\System32\WindowsPowerShell\v1.0\;C:\Windows\System32\OpenSSH\;C:\Program Files\Calibre2\;C:\Program Files\Git\cmd;C:\Program Files\MySQL\MySQL Shell 8.0\bin\;C:\Users\paisa\AppData\Local\Microsoft\WindowsApps;C:\Users\paisa\AppData\Local\Programs\Microsoft VS Code\bin;."/>
    <property name="java.vm.info" value="mixed mode, sharing"/>
    <property name="stderr.encoding" value="Cp1252"/>
    <property name="java.vendor" value="Oracle Corporation"/>
    <property name="java.vm.version" value="24.0.1+9-30"/>
    <property name="sun.io.unicode.encoding" value="UnicodeLittle"/>
    <property name="java.class.version" value="68.0"/>
  </properties>
  <testcase name="testGetClasificaciones" classname="udistrital.avanzada.parcial.control.ControlMascotaTest" time="0.029">
    <system-out><![CDATA[=== INICIO DE PRUEBAS DE CONTROL MASCOTA ===

Preparando caso de prueba...
Caso de prueba finalizado.
]]></system-out>
  </testcase>
  <testcase name="testGetAlimentaciones" classname="udistrital.avanzada.parcial.control.ControlMascotaTest" time="0.004">
    <system-out><![CDATA[
Preparando caso de prueba...
Caso de prueba finalizado.
]]></system-out>
  </testcase>
  <testcase name="testRegistrarMascotaNula" classname="udistrital.avanzada.parcial.control.ControlMascotaTest" time="0.004">
    <system-out><![CDATA[
Preparando caso de prueba...
Caso de prueba finalizado.
]]></system-out>
  </testcase>
  <testcase name="testRegistrarMascotaCamposVacios" classname="udistrital.avanzada.parcial.control.ControlMascotaTest" time="0.004">
    <system-out><![CDATA[
Preparando caso de prueba...
Caso de prueba finalizado.
]]></system-out>
  </testcase>
  <testcase name="testBuscarMascotaNoExiste" classname="udistrital.avanzada.parcial.control.ControlMascotaTest" time="0.003">
    <system-out><![CDATA[
Preparando caso de prueba...
Caso de prueba finalizado.
]]></system-out>
  </testcase>
  <testcase name="testConsultarConFiltros" classname="udistrital.avanzada.parcial.control.ControlMascotaTest" time="0.003">
    <system-out><![CDATA[
Preparando caso de prueba...
⚠️ Error esperado al consultar con filtros: Error al consultar con filtros: La conexión a la base de datos no está disponible. Verifique que XAMPP esté corriendo y que la base de datos 'mascotas_exoticas' exista.
Caso de prueba finalizado.
]]></system-out>
  </testcase>
  <testcase name="testListarMascotas" classname="udistrital.avanzada.parcial.control.ControlMascotaTest" time="0.002">
    <system-out><![CDATA[
Preparando caso de prueba...
⚠️ No se pudo listar mascotas: Error al listar mascotas: La conexión a la base de datos no está disponible. Verifique que XAMPP esté corriendo y que la base de datos 'mascotas_exoticas' exista.
Caso de prueba finalizado.
]]></system-out>
  </testcase>
  <testcase name="testEliminarMascotaApodoVacio" classname="udistrital.avanzada.parcial.control.ControlMascotaTest" time="0.001">
    <system-out><![CDATA[
Preparando caso de prueba...
Caso de prueba finalizado.
]]></system-out>
  </testcase>
  <testcase name="testActualizarMascotaNula" classname="udistrital.avanzada.parcial.control.ControlMascotaTest" time="0.003">
    <system-out><![CDATA[
Preparando caso de prueba...
Caso de prueba finalizado.
]]></system-out>
  </testcase>
  <testcase name="testGetMensaje" classname="udistrital.avanzada.parcial.control.ControlMascotaTest" time="0.002">
    <system-out><![CDATA[
Preparando caso de prueba...
Mensaje actual del sistema: No se encontró ninguna mascota con ese apodo.
Caso de prueba finalizado.
]]></system-out>
  </testcase>
</testsuite>